[
  {
    "line": 1,
    "elements": [
      {
        "line": 3,
        "name": "verify signin page",
        "description": "",
        "id": "login-action;verify-signin-page",
        "type": "scenario",
        "keyword": "Scenario",
        "steps": [
          {
            "result": {
              "duration": 9616956338,
              "status": "passed"
            },
            "line": 5,
            "name": "User is in landing page",
            "match": {
              "location": "LoginPageSteps.user_is_in_loginpage()"
            },
            "keyword": "Given "
          },
          {
            "result": {
              "duration": 2407120434,
              "status": "passed"
            },
            "line": 6,
            "name": "User has to click the Signin button",
            "match": {
              "location": "LoginPageSteps.User_has_to_click_the_Signin_button()"
            },
            "keyword": "When "
          },
          {
            "result": {
              "duration": 17435590,
              "status": "passed"
            },
            "line": 7,
            "name": "Signin button navigate to open the  Authentication page",
            "match": {
              "location": "LoginPageSteps.signin_button_navigate_to_open_the_Authentication_page()"
            },
            "keyword": "Then "
          }
        ]
      },
      {
        "line": 25,
        "name": "Verify signin page valid input",
        "description": "",
        "id": "login-action;verify-signin-page-valid-input;;2",
        "type": "scenario",
        "keyword": "Scenario Outline",
        "steps": [
          {
            "result": {
              "duration": 8578582,
              "status": "passed"
            },
            "line": 19,
            "name": "User is in Signinpage and verify tiltle",
            "match": {
              "location": "LoginPageSteps.user_is_in_Signinpage_and_verify_tiltle()"
            },
            "keyword": "Given "
          },
          {
            "result": {
              "duration": 1828072474,
              "status": "passed"
            },
            "line": 20,
            "name": "User has to enter the valid \"sasireka@mail.asahitechnologies.com\",\"Asahi@123\" and click the login button",
            "match": {
              "arguments": [
                {
                  "val": "\"sasireka@mail.asahitechnologies.com\"",
                  "offset": 28
                },
                {
                  "val": "\"Asahi@123\"",
                  "offset": 66
                }
              ],
              "location": "LoginPageSteps.user_enter_valid_username_and_password(String,String)"
            },
            "keyword": "When "
          },
          {
            "result": {
              "duration": 6732889,
              "status": "passed"
            },
            "line": 21,
            "name": "Navigate to open the Home page",
            "match": {
              "location": "LoginPageSteps.promopt_the_error_message()"
            },
            "keyword": "Then "
          },
          {
            "result": {
              "error_message": "cucumber.api.PendingException: TODO: implement me\r\n\tat org.stepdefenition.LoginPageSteps.close_the_browser(LoginPageSteps.java:226)\r\n\tat ✽.close the browser(src/test/resources/Feature/login.feature:22)\r\n",
              "duration": 3519893,
              "status": "pending"
            },
            "line": 22,
            "name": "close the browser",
            "match": {
              "location": "LoginPageSteps.close_the_browser()"
            },
            "keyword": "Then "
          }
        ]
      },
      {
        "line": 48,
        "name": "Verify Home page",
        "description": "",
        "id": "login-action;verify-home-page",
        "type": "scenario",
        "keyword": "Scenario",
        "steps": [
          {
            "result": {
              "duration": 2584511542,
              "status": "passed"
            },
            "line": 49,
            "name": "select dresses menu",
            "match": {
              "location": "LoginPageSteps.select_dress_menu()"
            },
            "keyword": "When "
          },
          {
            "result": {
              "duration": 10570936,
              "status": "passed"
            },
            "line": 50,
            "name": "Allow to navigate to open the dress page and verify the title of the page",
            "match": {
              "location": "LoginPageSteps.verifydresstitlepage()"
            },
            "keyword": "Then "
          }
        ]
      },
      {
        "line": 52,
        "name": "Verify Dress page",
        "description": "",
        "id": "login-action;verify-dress-page",
        "type": "scenario",
        "keyword": "Scenario",
        "steps": [
          {
            "result": {
              "duration": 47940670,
              "status": "passed"
            },
            "line": 53,
            "name": "select the dress and click on add to cart button",
            "match": {
              "location": "LoginPageSteps.registrationvalid()"
            },
            "keyword": "When "
          },
          {
            "result": {
              "duration": 3070968,
              "status": "passed"
            },
            "line": 54,
            "name": "pop up should show to proceed  to check out",
            "match": {
              "location": "LoginPageSteps.selectpar_dress()"
            },
            "keyword": "Then "
          }
        ]
      },
      {
        "line": 56,
        "name": "Verify product sucessfully added page to proceed to checkout",
        "description": "",
        "id": "login-action;verify-product-sucessfully-added-page-to-proceed-to-checkout",
        "type": "scenario",
        "keyword": "Scenario",
        "steps": [
          {
            "result": {
              "error_message": "org.openqa.selenium.ElementNotVisibleException: element not interactable\n  (Session info: chrome\u003d77.0.3865.90)\n  (Driver info: chromedriver\u003d2.44.609538 (b655c5a60b0b544917107a59d4153d4bf78e1b90),platform\u003dWindows NT 6.1.7601 SP1 x86_64) (WARNING: The server did not provide any stacktrace information)\nCommand duration or timeout: 0 milliseconds\nBuild info: version: \u00273.141.59\u0027, revision: \u0027e82be7d358\u0027, time: \u00272018-11-14T08:17:03\u0027\nSystem info: host: \u0027PC-PC\u0027, ip: \u0027192.168.2.3\u0027, os.name: \u0027Windows 7\u0027, os.arch: \u0027amd64\u0027, os.version: \u00276.1\u0027, java.version: \u00271.8.0_171\u0027\nDriver info: org.openqa.selenium.chrome.ChromeDriver\nCapabilities {acceptInsecureCerts: false, acceptSslCerts: false, applicationCacheEnabled: false, browserConnectionEnabled: false, browserName: chrome, chrome: {chromedriverVersion: 2.44.609538 (b655c5a60b0b54..., userDataDir: C:\\Users\\PC\\AppData\\Local\\T...}, cssSelectorsEnabled: true, databaseEnabled: false, goog:chromeOptions: {debuggerAddress: localhost:60987}, handlesAlerts: true, hasTouchScreen: false, javascriptEnabled: true, locationContextEnabled: true, mobileEmulationEnabled: false, nativeEvents: true, networkConnectionEnabled: false, pageLoadStrategy: normal, platform: XP, platformName: XP, rotatable: false, setWindowRect: true, takesHeapSnapshot: true, takesScreenshot: true, unexpectedAlertBehaviour: ignore, unhandledPromptBehavior: ignore, version: 77.0.3865.90, webStorageEnabled: true}\nSession ID: 385cb22fa7658de355ad074c6bf38f68\r\n\tat sun.reflect.NativeConstructorAccessorImpl.newInstance0(Native Method)\r\n\tat sun.reflect.NativeConstructorAccessorImpl.newInstance(Unknown Source)\r\n\tat sun.reflect.DelegatingConstructorAccessorImpl.newInstance(Unknown Source)\r\n\tat java.lang.reflect.Constructor.newInstance(Unknown Source)\r\n\tat org.openqa.selenium.remote.ErrorHandler.createThrowable(ErrorHandler.java:214)\r\n\tat org.openqa.selenium.remote.ErrorHandler.throwIfResponseFailed(ErrorHandler.java:166)\r\n\tat org.openqa.selenium.remote.http.JsonHttpResponseCodec.reconstructValue(JsonHttpResponseCodec.java:40)\r\n\tat org.openqa.selenium.remote.http.AbstractHttpResponseCodec.decode(AbstractHttpResponseCodec.java:80)\r\n\tat org.openqa.selenium.remote.http.AbstractHttpResponseCodec.decode(AbstractHttpResponseCodec.java:44)\r\n\tat org.openqa.selenium.remote.HttpCommandExecutor.execute(HttpCommandExecutor.java:158)\r\n\tat org.openqa.selenium.remote.service.DriverCommandExecutor.execute(DriverCommandExecutor.java:83)\r\n\tat org.openqa.selenium.remote.RemoteWebDriver.execute(RemoteWebDriver.java:552)\r\n\tat org.openqa.selenium.remote.RemoteWebElement.execute(RemoteWebElement.java:285)\r\n\tat org.openqa.selenium.remote.RemoteWebElement.click(RemoteWebElement.java:84)\r\n\tat sun.reflect.NativeMethodAccessorImpl.invoke0(Native Method)\r\n\tat sun.reflect.NativeMethodAccessorImpl.invoke(Unknown Source)\r\n\tat sun.reflect.DelegatingMethodAccessorImpl.invoke(Unknown Source)\r\n\tat java.lang.reflect.Method.invoke(Unknown Source)\r\n\tat org.openqa.selenium.support.pagefactory.internal.LocatingElementHandler.invoke(LocatingElementHandler.java:51)\r\n\tat com.sun.proxy.$Proxy14.click(Unknown Source)\r\n\tat org.stepdefenition.LoginPageSteps.success_proceedcheckout(LoginPageSteps.java:157)\r\n\tat ✽.user click on proceedtocheckout button from product successfully added page(src/test/resources/Feature/login.feature:57)\r\n",
              "duration": 30037850773,
              "status": "failed"
            },
            "line": 57,
            "name": "user click on proceedtocheckout button from product successfully added page",
            "match": {
              "location": "LoginPageSteps.success_proceedcheckout()"
            },
            "keyword": "When "
          },
          {
            "result": {
              "duration": 11587,
              "status": "skipped"
            },
            "line": 58,
            "name": "Allow to navigate to open the SHOPPING-CART SUMMARY page and verify the title of the page",
            "match": {
              "location": "LoginPageSteps.verifysumarytitlepage()"
            },
            "keyword": "Then "
          }
        ]
      },
      {
        "line": 60,
        "name": "Verify proceed to checkout from summary page",
        "description": "",
        "id": "login-action;verify-proceed-to-checkout-from-summary-page",
        "type": "scenario",
        "keyword": "Scenario",
        "steps": [
          {
            "result": {
              "error_message": "org.openqa.selenium.NoSuchElementException: no such element: Unable to locate element: {\"method\":\"xpath\",\"selector\":\"//*[@id\u003d\u0027center_column\u0027]/p[2]/a[1]\"}\n  (Session info: chrome\u003d77.0.3865.90)\n  (Driver info: chromedriver\u003d2.44.609538 (b655c5a60b0b544917107a59d4153d4bf78e1b90),platform\u003dWindows NT 6.1.7601 SP1 x86_64) (WARNING: The server did not provide any stacktrace information)\nCommand duration or timeout: 0 milliseconds\nFor documentation on this error, please visit: https://www.seleniumhq.org/exceptions/no_such_element.html\nBuild info: version: \u00273.141.59\u0027, revision: \u0027e82be7d358\u0027, time: \u00272018-11-14T08:17:03\u0027\nSystem info: host: \u0027PC-PC\u0027, ip: \u0027192.168.2.3\u0027, os.name: \u0027Windows 7\u0027, os.arch: \u0027amd64\u0027, os.version: \u00276.1\u0027, java.version: \u00271.8.0_171\u0027\nDriver info: org.openqa.selenium.chrome.ChromeDriver\nCapabilities {acceptInsecureCerts: false, acceptSslCerts: false, applicationCacheEnabled: false, browserConnectionEnabled: false, browserName: chrome, chrome: {chromedriverVersion: 2.44.609538 (b655c5a60b0b54..., userDataDir: C:\\Users\\PC\\AppData\\Local\\T...}, cssSelectorsEnabled: true, databaseEnabled: false, goog:chromeOptions: {debuggerAddress: localhost:60987}, handlesAlerts: true, hasTouchScreen: false, javascriptEnabled: true, locationContextEnabled: true, mobileEmulationEnabled: false, nativeEvents: true, networkConnectionEnabled: false, pageLoadStrategy: normal, platform: XP, platformName: XP, rotatable: false, setWindowRect: true, takesHeapSnapshot: true, takesScreenshot: true, unexpectedAlertBehaviour: ignore, unhandledPromptBehavior: ignore, version: 77.0.3865.90, webStorageEnabled: true}\nSession ID: 385cb22fa7658de355ad074c6bf38f68\n*** Element info: {Using\u003dxpath, value\u003d//*[@id\u003d\u0027center_column\u0027]/p[2]/a[1]}\r\n\tat sun.reflect.NativeConstructorAccessorImpl.newInstance0(Native Method)\r\n\tat sun.reflect.NativeConstructorAccessorImpl.newInstance(Unknown Source)\r\n\tat sun.reflect.DelegatingConstructorAccessorImpl.newInstance(Unknown Source)\r\n\tat java.lang.reflect.Constructor.newInstance(Unknown Source)\r\n\tat org.openqa.selenium.remote.ErrorHandler.createThrowable(ErrorHandler.java:214)\r\n\tat org.openqa.selenium.remote.ErrorHandler.throwIfResponseFailed(ErrorHandler.java:166)\r\n\tat org.openqa.selenium.remote.http.JsonHttpResponseCodec.reconstructValue(JsonHttpResponseCodec.java:40)\r\n\tat org.openqa.selenium.remote.http.AbstractHttpResponseCodec.decode(AbstractHttpResponseCodec.java:80)\r\n\tat org.openqa.selenium.remote.http.AbstractHttpResponseCodec.decode(AbstractHttpResponseCodec.java:44)\r\n\tat org.openqa.selenium.remote.HttpCommandExecutor.execute(HttpCommandExecutor.java:158)\r\n\tat org.openqa.selenium.remote.service.DriverCommandExecutor.execute(DriverCommandExecutor.java:83)\r\n\tat org.openqa.selenium.remote.RemoteWebDriver.execute(RemoteWebDriver.java:552)\r\n\tat org.openqa.selenium.remote.RemoteWebDriver.findElement(RemoteWebDriver.java:323)\r\n\tat org.openqa.selenium.remote.RemoteWebDriver.findElementByXPath(RemoteWebDriver.java:428)\r\n\tat org.openqa.selenium.By$ByXPath.findElement(By.java:353)\r\n\tat org.openqa.selenium.remote.RemoteWebDriver.findElement(RemoteWebDriver.java:315)\r\n\tat org.openqa.selenium.support.pagefactory.DefaultElementLocator.findElement(DefaultElementLocator.java:69)\r\n\tat org.openqa.selenium.support.pagefactory.internal.LocatingElementHandler.invoke(LocatingElementHandler.java:38)\r\n\tat com.sun.proxy.$Proxy14.click(Unknown Source)\r\n\tat org.stepdefenition.LoginPageSteps.get_summary_pchckotbtn(LoginPageSteps.java:170)\r\n\tat ✽.user click on proceed to checkout button from summary page(src/test/resources/Feature/login.feature:61)\r\n",
              "duration": 30061367382,
              "status": "failed"
            },
            "line": 61,
            "name": "user click on proceed to checkout button from summary page",
            "match": {
              "location": "LoginPageSteps.get_summary_pchckotbtn()"
            },
            "keyword": "When "
          },
          {
            "result": {
              "duration": 14567,
              "status": "skipped"
            },
            "line": 62,
            "name": "Allow to navigate to Address page to proceed to checkout and get title of the page",
            "match": {
              "location": "LoginPageSteps.verifyaddresstitlepage()"
            },
            "keyword": "Then "
          }
        ]
      },
      {
        "line": 64,
        "name": "Verify proceed to checkout from Address page",
        "description": "",
        "id": "login-action;verify-proceed-to-checkout-from-address-page",
        "type": "scenario",
        "keyword": "Scenario",
        "steps": [
          {
            "result": {
              "error_message": "org.openqa.selenium.NoSuchElementException: no such element: Unable to locate element: {\"method\":\"xpath\",\"selector\":\"//*[@id\u003d\"center_column\"]/form/p/button\"}\n  (Session info: chrome\u003d77.0.3865.90)\n  (Driver info: chromedriver\u003d2.44.609538 (b655c5a60b0b544917107a59d4153d4bf78e1b90),platform\u003dWindows NT 6.1.7601 SP1 x86_64) (WARNING: The server did not provide any stacktrace information)\nCommand duration or timeout: 0 milliseconds\nFor documentation on this error, please visit: https://www.seleniumhq.org/exceptions/no_such_element.html\nBuild info: version: \u00273.141.59\u0027, revision: \u0027e82be7d358\u0027, time: \u00272018-11-14T08:17:03\u0027\nSystem info: host: \u0027PC-PC\u0027, ip: \u0027192.168.2.3\u0027, os.name: \u0027Windows 7\u0027, os.arch: \u0027amd64\u0027, os.version: \u00276.1\u0027, java.version: \u00271.8.0_171\u0027\nDriver info: org.openqa.selenium.chrome.ChromeDriver\nCapabilities {acceptInsecureCerts: false, acceptSslCerts: false, applicationCacheEnabled: false, browserConnectionEnabled: false, browserName: chrome, chrome: {chromedriverVersion: 2.44.609538 (b655c5a60b0b54..., userDataDir: C:\\Users\\PC\\AppData\\Local\\T...}, cssSelectorsEnabled: true, databaseEnabled: false, goog:chromeOptions: {debuggerAddress: localhost:60987}, handlesAlerts: true, hasTouchScreen: false, javascriptEnabled: true, locationContextEnabled: true, mobileEmulationEnabled: false, nativeEvents: true, networkConnectionEnabled: false, pageLoadStrategy: normal, platform: XP, platformName: XP, rotatable: false, setWindowRect: true, takesHeapSnapshot: true, takesScreenshot: true, unexpectedAlertBehaviour: ignore, unhandledPromptBehavior: ignore, version: 77.0.3865.90, webStorageEnabled: true}\nSession ID: 385cb22fa7658de355ad074c6bf38f68\n*** Element info: {Using\u003dxpath, value\u003d//*[@id\u003d\"center_column\"]/form/p/button}\r\n\tat sun.reflect.NativeConstructorAccessorImpl.newInstance0(Native Method)\r\n\tat sun.reflect.NativeConstructorAccessorImpl.newInstance(Unknown Source)\r\n\tat sun.reflect.DelegatingConstructorAccessorImpl.newInstance(Unknown Source)\r\n\tat java.lang.reflect.Constructor.newInstance(Unknown Source)\r\n\tat org.openqa.selenium.remote.ErrorHandler.createThrowable(ErrorHandler.java:214)\r\n\tat org.openqa.selenium.remote.ErrorHandler.throwIfResponseFailed(ErrorHandler.java:166)\r\n\tat org.openqa.selenium.remote.http.JsonHttpResponseCodec.reconstructValue(JsonHttpResponseCodec.java:40)\r\n\tat org.openqa.selenium.remote.http.AbstractHttpResponseCodec.decode(AbstractHttpResponseCodec.java:80)\r\n\tat org.openqa.selenium.remote.http.AbstractHttpResponseCodec.decode(AbstractHttpResponseCodec.java:44)\r\n\tat org.openqa.selenium.remote.HttpCommandExecutor.execute(HttpCommandExecutor.java:158)\r\n\tat org.openqa.selenium.remote.service.DriverCommandExecutor.execute(DriverCommandExecutor.java:83)\r\n\tat org.openqa.selenium.remote.RemoteWebDriver.execute(RemoteWebDriver.java:552)\r\n\tat org.openqa.selenium.remote.RemoteWebDriver.findElement(RemoteWebDriver.java:323)\r\n\tat org.openqa.selenium.remote.RemoteWebDriver.findElementByXPath(RemoteWebDriver.java:428)\r\n\tat org.openqa.selenium.By$ByXPath.findElement(By.java:353)\r\n\tat org.openqa.selenium.remote.RemoteWebDriver.findElement(RemoteWebDriver.java:315)\r\n\tat org.openqa.selenium.support.pagefactory.DefaultElementLocator.findElement(DefaultElementLocator.java:69)\r\n\tat org.openqa.selenium.support.pagefactory.internal.LocatingElementHandler.invoke(LocatingElementHandler.java:38)\r\n\tat com.sun.proxy.$Proxy14.click(Unknown Source)\r\n\tat org.stepdefenition.LoginPageSteps.get_address_pchckotbtn(LoginPageSteps.java:184)\r\n\tat ✽.user click on proceed to checkout button from Address page(src/test/resources/Feature/login.feature:65)\r\n",
              "duration": 30060783712,
              "status": "failed"
            },
            "line": 65,
            "name": "user click on proceed to checkout button from Address page",
            "match": {
              "location": "LoginPageSteps.get_address_pchckotbtn()"
            },
            "keyword": "When "
          },
          {
            "result": {
              "duration": 12581,
              "status": "skipped"
            },
            "line": 66,
            "name": "Allow to navigate to Shipping page to proceed to checkout and get title of the page",
            "match": {
              "location": "LoginPageSteps.verifyshippingtitlepage()"
            },
            "keyword": "Then "
          }
        ]
      },
      {
        "line": 68,
        "name": "Verify proceed to checkout from shipping page",
        "description": "",
        "id": "login-action;verify-proceed-to-checkout-from-shipping-page",
        "type": "scenario",
        "keyword": "Scenario",
        "steps": [
          {
            "result": {
              "error_message": "org.openqa.selenium.NoSuchElementException: no such element: Unable to locate element: {\"method\":\"xpath\",\"selector\":\"//*[@id\u003d\"uniform-cgv\"]\"}\n  (Session info: chrome\u003d77.0.3865.90)\n  (Driver info: chromedriver\u003d2.44.609538 (b655c5a60b0b544917107a59d4153d4bf78e1b90),platform\u003dWindows NT 6.1.7601 SP1 x86_64) (WARNING: The server did not provide any stacktrace information)\nCommand duration or timeout: 0 milliseconds\nFor documentation on this error, please visit: https://www.seleniumhq.org/exceptions/no_such_element.html\nBuild info: version: \u00273.141.59\u0027, revision: \u0027e82be7d358\u0027, time: \u00272018-11-14T08:17:03\u0027\nSystem info: host: \u0027PC-PC\u0027, ip: \u0027192.168.2.3\u0027, os.name: \u0027Windows 7\u0027, os.arch: \u0027amd64\u0027, os.version: \u00276.1\u0027, java.version: \u00271.8.0_171\u0027\nDriver info: org.openqa.selenium.chrome.ChromeDriver\nCapabilities {acceptInsecureCerts: false, acceptSslCerts: false, applicationCacheEnabled: false, browserConnectionEnabled: false, browserName: chrome, chrome: {chromedriverVersion: 2.44.609538 (b655c5a60b0b54..., userDataDir: C:\\Users\\PC\\AppData\\Local\\T...}, cssSelectorsEnabled: true, databaseEnabled: false, goog:chromeOptions: {debuggerAddress: localhost:60987}, handlesAlerts: true, hasTouchScreen: false, javascriptEnabled: true, locationContextEnabled: true, mobileEmulationEnabled: false, nativeEvents: true, networkConnectionEnabled: false, pageLoadStrategy: normal, platform: XP, platformName: XP, rotatable: false, setWindowRect: true, takesHeapSnapshot: true, takesScreenshot: true, unexpectedAlertBehaviour: ignore, unhandledPromptBehavior: ignore, version: 77.0.3865.90, webStorageEnabled: true}\nSession ID: 385cb22fa7658de355ad074c6bf38f68\n*** Element info: {Using\u003dxpath, value\u003d//*[@id\u003d\"uniform-cgv\"]}\r\n\tat sun.reflect.NativeConstructorAccessorImpl.newInstance0(Native Method)\r\n\tat sun.reflect.NativeConstructorAccessorImpl.newInstance(Unknown Source)\r\n\tat sun.reflect.DelegatingConstructorAccessorImpl.newInstance(Unknown Source)\r\n\tat java.lang.reflect.Constructor.newInstance(Unknown Source)\r\n\tat org.openqa.selenium.remote.ErrorHandler.createThrowable(ErrorHandler.java:214)\r\n\tat org.openqa.selenium.remote.ErrorHandler.throwIfResponseFailed(ErrorHandler.java:166)\r\n\tat org.openqa.selenium.remote.http.JsonHttpResponseCodec.reconstructValue(JsonHttpResponseCodec.java:40)\r\n\tat org.openqa.selenium.remote.http.AbstractHttpResponseCodec.decode(AbstractHttpResponseCodec.java:80)\r\n\tat org.openqa.selenium.remote.http.AbstractHttpResponseCodec.decode(AbstractHttpResponseCodec.java:44)\r\n\tat org.openqa.selenium.remote.HttpCommandExecutor.execute(HttpCommandExecutor.java:158)\r\n\tat org.openqa.selenium.remote.service.DriverCommandExecutor.execute(DriverCommandExecutor.java:83)\r\n\tat org.openqa.selenium.remote.RemoteWebDriver.execute(RemoteWebDriver.java:552)\r\n\tat org.openqa.selenium.remote.RemoteWebDriver.findElement(RemoteWebDriver.java:323)\r\n\tat org.openqa.selenium.remote.RemoteWebDriver.findElementByXPath(RemoteWebDriver.java:428)\r\n\tat org.openqa.selenium.By$ByXPath.findElement(By.java:353)\r\n\tat org.openqa.selenium.remote.RemoteWebDriver.findElement(RemoteWebDriver.java:315)\r\n\tat org.openqa.selenium.support.pagefactory.DefaultElementLocator.findElement(DefaultElementLocator.java:69)\r\n\tat org.openqa.selenium.support.pagefactory.internal.LocatingElementHandler.invoke(LocatingElementHandler.java:38)\r\n\tat com.sun.proxy.$Proxy14.click(Unknown Source)\r\n\tat org.stepdefenition.LoginPageSteps.get_shipping_chkbx(LoginPageSteps.java:198)\r\n\tat ✽.user select the agree and click on proceed to checkout button from shipping page(src/test/resources/Feature/login.feature:69)\r\n",
              "duration": 30027649968,
              "status": "failed"
            },
            "line": 69,
            "name": "user select the agree and click on proceed to checkout button from shipping page",
            "match": {
              "location": "LoginPageSteps.get_shipping_chkbx()"
            },
            "keyword": "When "
          },
          {
            "result": {
              "duration": 7284,
              "status": "skipped"
            },
            "line": 70,
            "name": "Allow to navigate to payment page to proceed to checkout and get title of the page",
            "match": {
              "location": "LoginPageSteps.verifypaymenttitlepage()"
            },
            "keyword": "Then "
          }
        ]
      },
      {
        "line": 72,
        "name": "Verify proceed to checkout from payment page",
        "description": "",
        "id": "login-action;verify-proceed-to-checkout-from-payment-page",
        "type": "scenario",
        "keyword": "Scenario",
        "steps": [
          {
            "result": {
              "error_message": "org.openqa.selenium.NoSuchElementException: no such element: Unable to locate element: {\"method\":\"xpath\",\"selector\":\"//*[@id\u003d\u0027HOOK_PAYMENT\u0027]/div[1]/div/p/a\"}\n  (Session info: chrome\u003d77.0.3865.90)\n  (Driver info: chromedriver\u003d2.44.609538 (b655c5a60b0b544917107a59d4153d4bf78e1b90),platform\u003dWindows NT 6.1.7601 SP1 x86_64) (WARNING: The server did not provide any stacktrace information)\nCommand duration or timeout: 0 milliseconds\nFor documentation on this error, please visit: https://www.seleniumhq.org/exceptions/no_such_element.html\nBuild info: version: \u00273.141.59\u0027, revision: \u0027e82be7d358\u0027, time: \u00272018-11-14T08:17:03\u0027\nSystem info: host: \u0027PC-PC\u0027, ip: \u0027192.168.2.3\u0027, os.name: \u0027Windows 7\u0027, os.arch: \u0027amd64\u0027, os.version: \u00276.1\u0027, java.version: \u00271.8.0_171\u0027\nDriver info: org.openqa.selenium.chrome.ChromeDriver\nCapabilities {acceptInsecureCerts: false, acceptSslCerts: false, applicationCacheEnabled: false, browserConnectionEnabled: false, browserName: chrome, chrome: {chromedriverVersion: 2.44.609538 (b655c5a60b0b54..., userDataDir: C:\\Users\\PC\\AppData\\Local\\T...}, cssSelectorsEnabled: true, databaseEnabled: false, goog:chromeOptions: {debuggerAddress: localhost:60987}, handlesAlerts: true, hasTouchScreen: false, javascriptEnabled: true, locationContextEnabled: true, mobileEmulationEnabled: false, nativeEvents: true, networkConnectionEnabled: false, pageLoadStrategy: normal, platform: XP, platformName: XP, rotatable: false, setWindowRect: true, takesHeapSnapshot: true, takesScreenshot: true, unexpectedAlertBehaviour: ignore, unhandledPromptBehavior: ignore, version: 77.0.3865.90, webStorageEnabled: true}\nSession ID: 385cb22fa7658de355ad074c6bf38f68\n*** Element info: {Using\u003dxpath, value\u003d//*[@id\u003d\u0027HOOK_PAYMENT\u0027]/div[1]/div/p/a}\r\n\tat sun.reflect.NativeConstructorAccessorImpl.newInstance0(Native Method)\r\n\tat sun.reflect.NativeConstructorAccessorImpl.newInstance(Unknown Source)\r\n\tat sun.reflect.DelegatingConstructorAccessorImpl.newInstance(Unknown Source)\r\n\tat java.lang.reflect.Constructor.newInstance(Unknown Source)\r\n\tat org.openqa.selenium.remote.ErrorHandler.createThrowable(ErrorHandler.java:214)\r\n\tat org.openqa.selenium.remote.ErrorHandler.throwIfResponseFailed(ErrorHandler.java:166)\r\n\tat org.openqa.selenium.remote.http.JsonHttpResponseCodec.reconstructValue(JsonHttpResponseCodec.java:40)\r\n\tat org.openqa.selenium.remote.http.AbstractHttpResponseCodec.decode(AbstractHttpResponseCodec.java:80)\r\n\tat org.openqa.selenium.remote.http.AbstractHttpResponseCodec.decode(AbstractHttpResponseCodec.java:44)\r\n\tat org.openqa.selenium.remote.HttpCommandExecutor.execute(HttpCommandExecutor.java:158)\r\n\tat org.openqa.selenium.remote.service.DriverCommandExecutor.execute(DriverCommandExecutor.java:83)\r\n\tat org.openqa.selenium.remote.RemoteWebDriver.execute(RemoteWebDriver.java:552)\r\n\tat org.openqa.selenium.remote.RemoteWebDriver.findElement(RemoteWebDriver.java:323)\r\n\tat org.openqa.selenium.remote.RemoteWebDriver.findElementByXPath(RemoteWebDriver.java:428)\r\n\tat org.openqa.selenium.By$ByXPath.findElement(By.java:353)\r\n\tat org.openqa.selenium.remote.RemoteWebDriver.findElement(RemoteWebDriver.java:315)\r\n\tat org.openqa.selenium.support.pagefactory.DefaultElementLocator.findElement(DefaultElementLocator.java:69)\r\n\tat org.openqa.selenium.support.pagefactory.internal.LocatingElementHandler.invoke(LocatingElementHandler.java:38)\r\n\tat com.sun.proxy.$Proxy14.click(Unknown Source)\r\n\tat org.stepdefenition.LoginPageSteps.payment_cardbybank(LoginPageSteps.java:220)\r\n\tat ✽.user allow to select the card type pay by bank wire(src/test/resources/Feature/login.feature:73)\r\n",
              "duration": 30031341354,
              "status": "failed"
            },
            "line": 73,
            "name": "user allow to select the card type pay by bank wire",
            "match": {
              "location": "LoginPageSteps.payment_cardbybank()"
            },
            "keyword": "When "
          }
        ]
      },
      {
        "line": 75,
        "name": "Verify confirm the oder from payment page",
        "description": "",
        "id": "login-action;verify-confirm-the-oder-from-payment-page",
        "type": "scenario",
        "keyword": "Scenario",
        "steps": [
          {
            "result": {
              "error_message": "org.openqa.selenium.NoSuchElementException: no such element: Unable to locate element: {\"method\":\"xpath\",\"selector\":\"//*[@id\u003d\"cart_navigation\"]/button\"}\n  (Session info: chrome\u003d77.0.3865.90)\n  (Driver info: chromedriver\u003d2.44.609538 (b655c5a60b0b544917107a59d4153d4bf78e1b90),platform\u003dWindows NT 6.1.7601 SP1 x86_64) (WARNING: The server did not provide any stacktrace information)\nCommand duration or timeout: 0 milliseconds\nFor documentation on this error, please visit: https://www.seleniumhq.org/exceptions/no_such_element.html\nBuild info: version: \u00273.141.59\u0027, revision: \u0027e82be7d358\u0027, time: \u00272018-11-14T08:17:03\u0027\nSystem info: host: \u0027PC-PC\u0027, ip: \u0027192.168.2.3\u0027, os.name: \u0027Windows 7\u0027, os.arch: \u0027amd64\u0027, os.version: \u00276.1\u0027, java.version: \u00271.8.0_171\u0027\nDriver info: org.openqa.selenium.chrome.ChromeDriver\nCapabilities {acceptInsecureCerts: false, acceptSslCerts: false, applicationCacheEnabled: false, browserConnectionEnabled: false, browserName: chrome, chrome: {chromedriverVersion: 2.44.609538 (b655c5a60b0b54..., userDataDir: C:\\Users\\PC\\AppData\\Local\\T...}, cssSelectorsEnabled: true, databaseEnabled: false, goog:chromeOptions: {debuggerAddress: localhost:60987}, handlesAlerts: true, hasTouchScreen: false, javascriptEnabled: true, locationContextEnabled: true, mobileEmulationEnabled: false, nativeEvents: true, networkConnectionEnabled: false, pageLoadStrategy: normal, platform: XP, platformName: XP, rotatable: false, setWindowRect: true, takesHeapSnapshot: true, takesScreenshot: true, unexpectedAlertBehaviour: ignore, unhandledPromptBehavior: ignore, version: 77.0.3865.90, webStorageEnabled: true}\nSession ID: 385cb22fa7658de355ad074c6bf38f68\n*** Element info: {Using\u003dxpath, value\u003d//*[@id\u003d\"cart_navigation\"]/button}\r\n\tat sun.reflect.NativeConstructorAccessorImpl.newInstance0(Native Method)\r\n\tat sun.reflect.NativeConstructorAccessorImpl.newInstance(Unknown Source)\r\n\tat sun.reflect.DelegatingConstructorAccessorImpl.newInstance(Unknown Source)\r\n\tat java.lang.reflect.Constructor.newInstance(Unknown Source)\r\n\tat org.openqa.selenium.remote.ErrorHandler.createThrowable(ErrorHandler.java:214)\r\n\tat org.openqa.selenium.remote.ErrorHandler.throwIfResponseFailed(ErrorHandler.java:166)\r\n\tat org.openqa.selenium.remote.http.JsonHttpResponseCodec.reconstructValue(JsonHttpResponseCodec.java:40)\r\n\tat org.openqa.selenium.remote.http.AbstractHttpResponseCodec.decode(AbstractHttpResponseCodec.java:80)\r\n\tat org.openqa.selenium.remote.http.AbstractHttpResponseCodec.decode(AbstractHttpResponseCodec.java:44)\r\n\tat org.openqa.selenium.remote.HttpCommandExecutor.execute(HttpCommandExecutor.java:158)\r\n\tat org.openqa.selenium.remote.service.DriverCommandExecutor.execute(DriverCommandExecutor.java:83)\r\n\tat org.openqa.selenium.remote.RemoteWebDriver.execute(RemoteWebDriver.java:552)\r\n\tat org.openqa.selenium.remote.RemoteWebDriver.findElement(RemoteWebDriver.java:323)\r\n\tat org.openqa.selenium.remote.RemoteWebDriver.findElementByXPath(RemoteWebDriver.java:428)\r\n\tat org.openqa.selenium.By$ByXPath.findElement(By.java:353)\r\n\tat org.openqa.selenium.remote.RemoteWebDriver.findElement(RemoteWebDriver.java:315)\r\n\tat org.openqa.selenium.support.pagefactory.DefaultElementLocator.findElement(DefaultElementLocator.java:69)\r\n\tat org.openqa.selenium.support.pagefactory.internal.LocatingElementHandler.invoke(LocatingElementHandler.java:38)\r\n\tat com.sun.proxy.$Proxy14.click(Unknown Source)\r\n\tat org.stepdefenition.LoginPageSteps.get_cnfpay_btn(LoginPageSteps.java:213)\r\n\tat ✽.user allow to click on i confirm my order(src/test/resources/Feature/login.feature:76)\r\n",
              "duration": 30023521575,
              "status": "failed"
            },
            "line": 76,
            "name": "user allow to click on i confirm my order",
            "match": {
              "location": "LoginPageSteps.get_cnfpay_btn()"
            },
            "keyword": "When "
          }
        ]
      }
    ],
    "name": "Login Action",
    "description": "",
    "id": "login-action",
    "keyword": "Feature",
    "uri": "src/test/resources/Feature/login.feature",
    "tags": []
  }
]